Flow report for plusToo_top
Sun Oct 09 16:24:54 2011
Quartus II Version 11.0 Build 157 04/27/2011 SJ Web Edition


---------------------
; Table of Contents ;
---------------------
  1. Legal Notice
  2. Flow Summary
  3. Flow Settings
  4. Flow Non-Default Global Settings
  5. Flow Elapsed Time
  6. Flow OS Summary
  7. Flow Log



----------------
; Legal Notice ;
----------------
Copyright (C) 1991-2011 Altera Corporation
Your use of Altera Corporation's design tools, logic functions 
and other software and tools, and its AMPP partner logic 
functions, and any output files from any of the foregoing 
(including device programming or simulation files), and any 
associated documentation or information are expressly subject 
to the terms and conditions of the Altera Program License 
Subscription Agreement, Altera MegaCore Function License 
Agreement, or other applicable license agreement, including, 
without limitation, that your use is for the sole purpose of 
programming logic devices manufactured by Altera and sold by 
Altera or its authorized distributors.  Please refer to the 
applicable agreement for further details.



+-------------------------------------------------------------------------------+
; Flow Summary                                                                  ;
+------------------------------------+------------------------------------------+
; Flow Status                        ; Successful - Sun Oct 09 16:24:54 2011    ;
; Quartus II Version                 ; 11.0 Build 157 04/27/2011 SJ Web Edition ;
; Revision Name                      ; plusToo_top                              ;
; Top-level Entity Name              ; plusToo_top                              ;
; Family                             ; Cyclone II                               ;
; Device                             ; EP2C20F484C7                             ;
; Timing Models                      ; Final                                    ;
; Total logic elements               ; 6,156 / 18,752 ( 33 % )                  ;
;     Total combinational functions  ; 5,151 / 18,752 ( 27 % )                  ;
;     Dedicated logic registers      ; 2,487 / 18,752 ( 13 % )                  ;
; Total registers                    ; 2487                                     ;
; Total pins                         ; 149 / 315 ( 47 % )                       ;
; Total virtual pins                 ; 0                                        ;
; Total memory bits                  ; 19,008 / 239,616 ( 8 % )                 ;
; Embedded Multiplier 9-bit elements ; 0 / 52 ( 0 % )                           ;
; Total PLLs                         ; 1 / 4 ( 25 % )                           ;
+------------------------------------+------------------------------------------+


+-----------------------------------------+
; Flow Settings                           ;
+-------------------+---------------------+
; Option            ; Setting             ;
+-------------------+---------------------+
; Start date & time ; 10/09/2011 16:22:49 ;
; Main task         ; Compilation         ;
; Revision Name     ; plusToo_top         ;
+-------------------+---------------------+


+-------------------------------------------------------------------------------------------------------------------------------------------------------------------------------------------------------------------------------------------------------------+
; Flow Non-Default Global Settings                                                                                                                                                                                                                            ;
+--------------------------------------+---------------------------------------------------------------------------------------------------------------------------------------------------------------------+---------------+-------------+------------------+
; Assignment Name                      ; Value                                                                                                                                                               ; Default Value ; Entity Name ; Section Id       ;
+--------------------------------------+---------------------------------------------------------------------------------------------------------------------------------------------------------------------+---------------+-------------+------------------+
; COMPILER_SIGNATURE_ID                ; 963373828681.131820256904340                                                                                                                                        ; --            ; --          ; --               ;
; EDA_DESIGN_INSTANCE_NAME             ; NA                                                                                                                                                                  ; --            ; --          ; testbench        ;
; EDA_NATIVELINK_SIMULATION_TEST_BENCH ; testbench                                                                                                                                                           ; --            ; --          ; eda_simulation   ;
; EDA_OUTPUT_DATA_FORMAT               ; Verilog Hdl                                                                                                                                                         ; --            ; --          ; eda_simulation   ;
; EDA_SIMULATION_TOOL                  ; ModelSim-Altera (Verilog)                                                                                                                                           ; <None>        ; --          ; --               ;
; EDA_TEST_BENCH_ENABLE_STATUS         ; TEST_BENCH_MODE                                                                                                                                                     ; --            ; --          ; eda_simulation   ;
; EDA_TEST_BENCH_FILE                  ; testbench.v                                                                                                                                                         ; --            ; --          ; testbench        ;
; EDA_TEST_BENCH_MODULE_NAME           ; testbench                                                                                                                                                           ; --            ; --          ; testbench        ;
; EDA_TEST_BENCH_NAME                  ; testbench                                                                                                                                                           ; --            ; --          ; eda_simulation   ;
; EDA_TIME_SCALE                       ; 1 ps                                                                                                                                                                ; --            ; --          ; eda_simulation   ;
; ENABLE_SIGNALTAP                     ; On                                                                                                                                                                  ; --            ; --          ; --               ;
; IP_TOOL_NAME                         ; ALTPLL                                                                                                                                                              ; --            ; --          ; --               ;
; IP_TOOL_NAME                         ; ROM: 1-PORT                                                                                                                                                         ; --            ; --          ; --               ;
; IP_TOOL_NAME                         ; RAM: 1-PORT                                                                                                                                                         ; --            ; --          ; --               ;
; IP_TOOL_NAME                         ; SignalTap II Logic Analyzer                                                                                                                                         ; --            ; --          ; --               ;
; IP_TOOL_NAME                         ; ROM: 1-PORT                                                                                                                                                         ; --            ; --          ; --               ;
; IP_TOOL_VERSION                      ; 11.0                                                                                                                                                                ; --            ; --          ; --               ;
; IP_TOOL_VERSION                      ; 11.0                                                                                                                                                                ; --            ; --          ; --               ;
; IP_TOOL_VERSION                      ; 11.0                                                                                                                                                                ; --            ; --          ; --               ;
; IP_TOOL_VERSION                      ; 11.0                                                                                                                                                                ; --            ; --          ; --               ;
; IP_TOOL_VERSION                      ; 11.0                                                                                                                                                                ; --            ; --          ; --               ;
; MAX_CORE_JUNCTION_TEMP               ; 85                                                                                                                                                                  ; --            ; --          ; --               ;
; MIN_CORE_JUNCTION_TEMP               ; 0                                                                                                                                                                   ; --            ; --          ; --               ;
; MISC_FILE                            ; clock325MHz_bb.v                                                                                                                                                    ; --            ; --          ; --               ;
; MISC_FILE                            ; clock325MHz.ppf                                                                                                                                                     ; --            ; --          ; --               ;
; MISC_FILE                            ; blockROM4K_bb.v                                                                                                                                                     ; --            ; --          ; --               ;
; MISC_FILE                            ; blockRAM20K_bb.v                                                                                                                                                    ; --            ; --          ; --               ;
; MISC_FILE                            ; logicAnalyzer_bb.v                                                                                                                                                  ; --            ; --          ; --               ;
; MISC_FILE                            ; rom4K_bb.v                                                                                                                                                          ; --            ; --          ; --               ;
; PARTITION_COLOR                      ; 16764057                                                                                                                                                            ; --            ; --          ; Top              ;
; PARTITION_FITTER_PRESERVATION_LEVEL  ; PLACEMENT_AND_ROUTING                                                                                                                                               ; --            ; --          ; Top              ;
; PARTITION_NETLIST_TYPE               ; SOURCE                                                                                                                                                              ; --            ; --          ; Top              ;
; SLD_NODE_CREATOR_ID                  ; 110                                                                                                                                                                 ; --            ; --          ; auto_signaltap_0 ;
; SLD_NODE_ENTITY_NAME                 ; sld_signaltap                                                                                                                                                       ; --            ; --          ; auto_signaltap_0 ;
; SLD_NODE_PARAMETER_ASSIGNMENT        ; SLD_NODE_INFO=805334528                                                                                                                                             ; --            ; --          ; auto_signaltap_0 ;
; SLD_NODE_PARAMETER_ASSIGNMENT        ; SLD_POWER_UP_TRIGGER=0                                                                                                                                              ; --            ; --          ; auto_signaltap_0 ;
; SLD_NODE_PARAMETER_ASSIGNMENT        ; SLD_STORAGE_QUALIFIER_INVERSION_MASK_LENGTH=0                                                                                                                       ; --            ; --          ; auto_signaltap_0 ;
; SLD_NODE_PARAMETER_ASSIGNMENT        ; SLD_ATTRIBUTE_MEM_MODE=OFF                                                                                                                                          ; --            ; --          ; auto_signaltap_0 ;
; SLD_NODE_PARAMETER_ASSIGNMENT        ; SLD_STATE_FLOW_USE_GENERATED=0                                                                                                                                      ; --            ; --          ; auto_signaltap_0 ;
; SLD_NODE_PARAMETER_ASSIGNMENT        ; SLD_STATE_BITS=11                                                                                                                                                   ; --            ; --          ; auto_signaltap_0 ;
; SLD_NODE_PARAMETER_ASSIGNMENT        ; SLD_BUFFER_FULL_STOP=1                                                                                                                                              ; --            ; --          ; auto_signaltap_0 ;
; SLD_NODE_PARAMETER_ASSIGNMENT        ; SLD_CURRENT_RESOURCE_WIDTH=1                                                                                                                                        ; --            ; --          ; auto_signaltap_0 ;
; SLD_NODE_PARAMETER_ASSIGNMENT        ; SLD_TRIGGER_LEVEL=1                                                                                                                                                 ; --            ; --          ; auto_signaltap_0 ;
; SLD_NODE_PARAMETER_ASSIGNMENT        ; SLD_TRIGGER_IN_ENABLED=0                                                                                                                                            ; --            ; --          ; auto_signaltap_0 ;
; SLD_NODE_PARAMETER_ASSIGNMENT        ; SLD_ADVANCED_TRIGGER_ENTITY=basic,1,                                                                                                                                ; --            ; --          ; auto_signaltap_0 ;
; SLD_NODE_PARAMETER_ASSIGNMENT        ; SLD_TRIGGER_LEVEL_PIPELINE=1                                                                                                                                        ; --            ; --          ; auto_signaltap_0 ;
; SLD_NODE_PARAMETER_ASSIGNMENT        ; SLD_ENABLE_ADVANCED_TRIGGER=0                                                                                                                                       ; --            ; --          ; auto_signaltap_0 ;
; SLD_NODE_PARAMETER_ASSIGNMENT        ; SLD_SEGMENT_SIZE=128                                                                                                                                                ; --            ; --          ; auto_signaltap_0 ;
; SLD_NODE_PARAMETER_ASSIGNMENT        ; SLD_SAMPLE_DEPTH=128                                                                                                                                                ; --            ; --          ; auto_signaltap_0 ;
; SLD_NODE_PARAMETER_ASSIGNMENT        ; SLD_DATA_BITS=140                                                                                                                                                   ; --            ; --          ; auto_signaltap_0 ;
; SLD_NODE_PARAMETER_ASSIGNMENT        ; SLD_TRIGGER_BITS=41                                                                                                                                                 ; --            ; --          ; auto_signaltap_0 ;
; SLD_NODE_PARAMETER_ASSIGNMENT        ; SLD_INVERSION_MASK=000000000000000000000000000000000000000000000000000000000000000000000000000000000000000000000000000000000000000000000000000000000000000000000000 ; --            ; --          ; auto_signaltap_0 ;
; SLD_NODE_PARAMETER_ASSIGNMENT        ; SLD_INVERSION_MASK_LENGTH=144                                                                                                                                       ; --            ; --          ; auto_signaltap_0 ;
; SLD_NODE_PARAMETER_ASSIGNMENT        ; SLD_NODE_CRC_LOWORD=54015                                                                                                                                           ; --            ; --          ; auto_signaltap_0 ;
; SLD_NODE_PARAMETER_ASSIGNMENT        ; SLD_NODE_CRC_HIWORD=64261                                                                                                                                           ; --            ; --          ; auto_signaltap_0 ;
; SMART_RECOMPILE                      ; On                                                                                                                                                                  ; Off           ; --          ; --               ;
; TIMEQUEST_DO_CCPP_REMOVAL            ; On                                                                                                                                                                  ; Off           ; --          ; --               ;
; USE_SIGNALTAP_FILE                   ; stp2.stp                                                                                                                                                            ; --            ; --          ; --               ;
+--------------------------------------+---------------------------------------------------------------------------------------------------------------------------------------------------------------------+---------------+-------------+------------------+


+-------------------------------------------------------------------------------------------------------------------------------+
; Flow Elapsed Time                                                                                                             ;
+---------------------------+--------------+-------------------------+---------------------+------------------------------------+
; Module Name               ; Elapsed Time ; Average Processors Used ; Peak Virtual Memory ; Total CPU Time (on all processors) ;
+---------------------------+--------------+-------------------------+---------------------+------------------------------------+
; Analysis & Synthesis      ; 00:01:20     ; 1.0                     ; 338 MB              ; 00:01:19                           ;
; Fitter                    ; 00:00:25     ; 1.0                     ; 398 MB              ; 00:00:24                           ;
; Assembler                 ; 00:00:02     ; 1.0                     ; 292 MB              ; 00:00:02                           ;
; TimeQuest Timing Analyzer ; 00:00:09     ; 1.0                     ; 304 MB              ; 00:00:08                           ;
; EDA Netlist Writer        ; 00:00:05     ; 1.0                     ; 300 MB              ; 00:00:05                           ;
; Total                     ; 00:02:01     ; --                      ; --                  ; 00:01:58                           ;
+---------------------------+--------------+-------------------------+---------------------+------------------------------------+


+----------------------------------------------------------------------------------------+
; Flow OS Summary                                                                        ;
+---------------------------+------------------+-----------+------------+----------------+
; Module Name               ; Machine Hostname ; OS Name   ; OS Version ; Processor type ;
+---------------------------+------------------+-----------+------------+----------------+
; Analysis & Synthesis      ; steve-home       ; Windows 7 ; 6.1        ; x86_64         ;
; Fitter                    ; steve-home       ; Windows 7 ; 6.1        ; x86_64         ;
; Assembler                 ; steve-home       ; Windows 7 ; 6.1        ; x86_64         ;
; TimeQuest Timing Analyzer ; steve-home       ; Windows 7 ; 6.1        ; x86_64         ;
; EDA Netlist Writer        ; steve-home       ; Windows 7 ; 6.1        ; x86_64         ;
+---------------------------+------------------+-----------+------------+----------------+


------------
; Flow Log ;
------------
quartus_map --read_settings_files=on --write_settings_files=off PlusToo -c plusToo_top
quartus_fit --read_settings_files=off --write_settings_files=off PlusToo -c plusToo_top
quartus_asm --read_settings_files=off --write_settings_files=off PlusToo -c plusToo_top
quartus_sta PlusToo -c plusToo_top
quartus_eda --read_settings_files=off --write_settings_files=off PlusToo -c plusToo_top



